2026-05-21 09:42:46,495 [INFO] === sync_contractor 開始 ===
2026-05-21 09:42:46,530 [INFO] file_cache is only supported with oauth2client<4.0.0
2026-05-21 09:42:48,155 [INFO] 基本情報（インボイス含む） upsert: 0 件
2026-05-21 09:42:48,189 [INFO] file_cache is only supported with oauth2client<4.0.0
2026-05-21 09:42:49,808 [ERROR] 口座情報シート取得失敗: FOREIGN KEY constraint failed
2026-05-21 09:42:49,811 [ERROR] Failed to sync contractor C0001: 楽楽販売への施工店登録はCSV方式では未対応
2026-05-21 09:42:49,812 [ERROR] Failed to sync contractor C0002: 楽楽販売への施工店登録はCSV方式では未対応
2026-05-21 09:42:49,812 [ERROR] Failed to sync contractor C0003: 楽楽販売への施工店登録はCSV方式では未対応
2026-05-21 09:42:49,812 [ERROR] Failed to sync contractor C0004: 楽楽販売への施工店登録はCSV方式では未対応
2026-05-21 09:42:49,812 [ERROR] Failed to sync contractor C0005: 楽楽販売への施工店登録はCSV方式では未対応
2026-05-21 09:42:49,812 [ERROR] Failed to sync contractor C0006: 楽楽販売への施工店登録はCSV方式では未対応
2026-05-21 09:42:49,812 [ERROR] Failed to sync contractor C0007: 楽楽販売への施工店登録はCSV方式では未対応
2026-05-21 09:42:49,813 [ERROR] Failed to sync contractor C0008: 楽楽販売への施工店登録はCSV方式では未対応
2026-05-21 09:42:49,813 [ERROR] Failed to sync contractor C0009: 楽楽販売への施工店登録はCSV方式では未対応
2026-05-21 09:42:49,813 [ERROR] Failed to sync contractor C0010: 楽楽販売への施工店登録はCSV方式では未対応
2026-05-21 09:42:49,813 [ERROR] Failed to sync contractor C0012: 楽楽販売への施工店登録はCSV方式では未対応
2026-05-21 09:42:49,813 [ERROR] Failed to sync contractor C0013: 楽楽販売への施工店登録はCSV方式では未対応
2026-05-21 09:42:49,813 [ERROR] Failed to sync contractor C0014: 楽楽販売への施工店登録はCSV方式では未対応
2026-05-21 09:42:49,813 [ERROR] Failed to sync contractor C0015: 楽楽販売への施工店登録はCSV方式では未対応
2026-05-21 09:42:49,814 [ERROR] Failed to sync contractor C0017: 楽楽販売への施工店登録はCSV方式では未対応
2026-05-21 09:42:49,814 [ERROR] Failed to sync contractor C0018: 楽楽販売への施工店登録はCSV方式では未対応
2026-05-21 09:42:49,814 [ERROR] Failed to sync contractor C0019: 楽楽販売への施工店登録はCSV方式では未対応
2026-05-21 09:42:49,814 [ERROR] Failed to sync contractor C0020: 楽楽販売への施工店登録はCSV方式では未対応
2026-05-21 09:42:49,814 [ERROR] Failed to sync contractor C0021: 楽楽販売への施工店登録はCSV方式では未対応
2026-05-21 09:42:49,814 [ERROR] Failed to sync contractor C0022: 楽楽販売への施工店登録はCSV方式では未対応
2026-05-21 09:42:49,814 [ERROR] Failed to sync contractor C0023: 楽楽販売への施工店登録はCSV方式では未対応
2026-05-21 09:42:49,814 [ERROR] Failed to sync contractor C0026: 楽楽販売への施工店登録はCSV方式では未対応
2026-05-21 09:42:49,815 [ERROR] Failed to sync contractor C0027: 楽楽販売への施工店登録はCSV方式では未対応
2026-05-21 09:42:49,815 [ERROR] Failed to sync contractor C0028: 楽楽販売への施工店登録はCSV方式では未対応
2026-05-21 09:42:49,815 [ERROR] Failed to sync contractor C0029: 楽楽販売への施工店登録はCSV方式では未対応
2026-05-21 09:42:49,815 [ERROR] Failed to sync contractor C0030: 楽楽販売への施工店登録はCSV方式では未対応
2026-05-21 09:42:49,815 [ERROR] Failed to sync contractor C0031: 楽楽販売への施工店登録はCSV方式では未対応
2026-05-21 09:42:49,815 [ERROR] Failed to sync contractor C0034: 楽楽販売への施工店登録はCSV方式では未対応
2026-05-21 09:42:49,815 [ERROR] Failed to sync contractor C0035: 楽楽販売への施工店登録はCSV方式では未対応
2026-05-21 09:42:49,816 [ERROR] Failed to sync contractor C0037: 楽楽販売への施工店登録はCSV方式では未対応
2026-05-21 09:42:49,816 [ERROR] Failed to sync contractor C0041: 楽楽販売への施工店登録はCSV方式では未対応
2026-05-21 09:42:49,816 [ERROR] Failed to sync contractor C0042: 楽楽販売への施工店登録はCSV方式では未対応
2026-05-21 09:42:49,816 [ERROR] Failed to sync contractor C0043: 楽楽販売への施工店登録はCSV方式では未対応
2026-05-21 09:42:49,816 [ERROR] Failed to sync contractor C0044: 楽楽販売への施工店登録はCSV方式では未対応
2026-05-21 09:42:49,816 [ERROR] Failed to sync contractor C0045: 楽楽販売への施工店登録はCSV方式では未対応
2026-05-21 09:42:49,816 [ERROR] Failed to sync contractor C0047: 楽楽販売への施工店登録はCSV方式では未対応
2026-05-21 09:42:49,816 [ERROR] Failed to sync contractor C0048: 楽楽販売への施工店登録はCSV方式では未対応
2026-05-21 09:42:49,817 [ERROR] Failed to sync contractor C0049: 楽楽販売への施工店登録はCSV方式では未対応
2026-05-21 09:42:49,817 [ERROR] Failed to sync contractor C0051: 楽楽販売への施工店登録はCSV方式では未対応
2026-05-21 09:42:49,817 [ERROR] Failed to sync contractor C0053: 楽楽販売への施工店登録はCSV方式では未対応
2026-05-21 09:42:49,817 [ERROR] Failed to sync contractor C0054: 楽楽販売への施工店登録はCSV方式では未対応
2026-05-21 09:42:49,817 [ERROR] Failed to sync contractor C0055: 楽楽販売への施工店登録はCSV方式では未対応
2026-05-21 09:42:49,817 [ERROR] Failed to sync contractor C0056: 楽楽販売への施工店登録はCSV方式では未対応
2026-05-21 09:42:49,817 [ERROR] Failed to sync contractor C0057: 楽楽販売への施工店登録はCSV方式では未対応
2026-05-21 09:42:49,817 [ERROR] Failed to sync contractor C0058: 楽楽販売への施工店登録はCSV方式では未対応
2026-05-21 09:42:49,817 [ERROR] Failed to sync contractor C0060: 楽楽販売への施工店登録はCSV方式では未対応
2026-05-21 09:42:49,818 [ERROR] Failed to sync contractor C0063: 楽楽販売への施工店登録はCSV方式では未対応
2026-05-21 09:42:49,818 [ERROR] Failed to sync contractor C0064: 楽楽販売への施工店登録はCSV方式では未対応
2026-05-21 09:42:49,818 [ERROR] Failed to sync contractor C0065: 楽楽販売への施工店登録はCSV方式では未対応
2026-05-21 09:42:49,818 [ERROR] Failed to sync contractor C0066: 楽楽販売への施工店登録はCSV方式では未対応
2026-05-21 09:42:49,818 [ERROR] Failed to sync contractor C0068: 楽楽販売への施工店登録はCSV方式では未対応
2026-05-21 09:42:49,818 [ERROR] Failed to sync contractor C0069: 楽楽販売への施工店登録はCSV方式では未対応
2026-05-21 09:42:49,818 [ERROR] Failed to sync contractor C0070: 楽楽販売への施工店登録はCSV方式では未対応
2026-05-21 09:42:49,819 [ERROR] Failed to sync contractor C0071: 楽楽販売への施工店登録はCSV方式では未対応
2026-05-21 09:42:49,819 [ERROR] Failed to sync contractor C0073: 楽楽販売への施工店登録はCSV方式では未対応
2026-05-21 09:42:49,819 [ERROR] Failed to sync contractor C0074: 楽楽販売への施工店登録はCSV方式では未対応
2026-05-21 09:42:49,819 [ERROR] Failed to sync contractor C0075: 楽楽販売への施工店登録はCSV方式では未対応
2026-05-21 09:42:49,819 [ERROR] Failed to sync contractor C0076: 楽楽販売への施工店登録はCSV方式では未対応
2026-05-21 09:42:49,819 [ERROR] Failed to sync contractor C0077: 楽楽販売への施工店登録はCSV方式では未対応
2026-05-21 09:42:49,819 [ERROR] Failed to sync contractor C0078: 楽楽販売への施工店登録はCSV方式では未対応
2026-05-21 09:42:49,819 [ERROR] Failed to sync contractor C0079: 楽楽販売への施工店登録はCSV方式では未対応
2026-05-21 09:42:49,820 [ERROR] Failed to sync contractor C0080: 楽楽販売への施工店登録はCSV方式では未対応
2026-05-21 09:42:49,820 [ERROR] Failed to sync contractor C0081: 楽楽販売への施工店登録はCSV方式では未対応
2026-05-21 09:42:49,820 [ERROR] Failed to sync contractor C0082: 楽楽販売への施工店登録はCSV方式では未対応
2026-05-21 09:42:49,820 [ERROR] Failed to sync contractor C0083: 楽楽販売への施工店登録はCSV方式では未対応
2026-05-21 09:42:49,820 [ERROR] Failed to sync contractor C0084: 楽楽販売への施工店登録はCSV方式では未対応
2026-05-21 09:42:49,820 [ERROR] Failed to sync contractor C0085: 楽楽販売への施工店登録はCSV方式では未対応
2026-05-21 09:42:49,820 [ERROR] Failed to sync contractor C0086: 楽楽販売への施工店登録はCSV方式では未対応
2026-05-21 09:42:49,820 [ERROR] Failed to sync contractor C0087: 楽楽販売への施工店登録はCSV方式では未対応
2026-05-21 09:42:49,821 [ERROR] Failed to sync contractor C0089: 楽楽販売への施工店登録はCSV方式では未対応
2026-05-21 09:42:49,821 [ERROR] Failed to sync contractor C0090: 楽楽販売への施工店登録はCSV方式では未対応
2026-05-21 09:42:49,821 [ERROR] Failed to sync contractor C0091: 楽楽販売への施工店登録はCSV方式では未対応
2026-05-21 09:42:49,821 [ERROR] Failed to sync contractor C0093: 楽楽販売への施工店登録はCSV方式では未対応
2026-05-21 09:42:49,821 [ERROR] Failed to sync contractor C0094: 楽楽販売への施工店登録はCSV方式では未対応
2026-05-21 09:42:49,821 [ERROR] Failed to sync contractor C0095: 楽楽販売への施工店登録はCSV方式では未対応
2026-05-21 09:42:49,821 [ERROR] Failed to sync contractor C0096: 楽楽販売への施工店登録はCSV方式では未対応
2026-05-21 09:42:49,822 [ERROR] Failed to sync contractor C0097: 楽楽販売への施工店登録はCSV方式では未対応
2026-05-21 09:42:49,822 [ERROR] Failed to sync contractor C0099: 楽楽販売への施工店登録はCSV方式では未対応
2026-05-21 09:42:49,822 [ERROR] Failed to sync contractor C0100: 楽楽販売への施工店登録はCSV方式では未対応
2026-05-21 09:42:49,822 [ERROR] Failed to sync contractor C0101: 楽楽販売への施工店登録はCSV方式では未対応
2026-05-21 09:42:49,822 [ERROR] Failed to sync contractor C0102: 楽楽販売への施工店登録はCSV方式では未対応
2026-05-21 09:42:49,822 [ERROR] Failed to sync contractor C0103: 楽楽販売への施工店登録はCSV方式では未対応
2026-05-21 09:42:49,822 [ERROR] Failed to sync contractor C0104: 楽楽販売への施工店登録はCSV方式では未対応
2026-05-21 09:42:49,822 [ERROR] Failed to sync contractor C0105: 楽楽販売への施工店登録はCSV方式では未対応
2026-05-21 09:42:49,823 [ERROR] Failed to sync contractor C0106: 楽楽販売への施工店登録はCSV方式では未対応
2026-05-21 09:42:49,823 [ERROR] Failed to sync contractor C0107: 楽楽販売への施工店登録はCSV方式では未対応
2026-05-21 09:42:49,823 [ERROR] Failed to sync contractor C0108: 楽楽販売への施工店登録はCSV方式では未対応
2026-05-21 09:42:49,823 [ERROR] Failed to sync contractor C0110: 楽楽販売への施工店登録はCSV方式では未対応
2026-05-21 09:42:49,823 [ERROR] Failed to sync contractor C0111: 楽楽販売への施工店登録はCSV方式では未対応
2026-05-21 09:42:49,823 [ERROR] Failed to sync contractor C0112: 楽楽販売への施工店登録はCSV方式では未対応
2026-05-21 09:42:49,823 [ERROR] Failed to sync contractor C0113: 楽楽販売への施工店登録はCSV方式では未対応
2026-05-21 09:42:49,823 [ERROR] Failed to sync contractor C0114: 楽楽販売への施工店登録はCSV方式では未対応
2026-05-21 09:42:49,824 [ERROR] Failed to sync contractor C0115: 楽楽販売への施工店登録はCSV方式では未対応
2026-05-21 09:42:49,824 [ERROR] Failed to sync contractor C0116: 楽楽販売への施工店登録はCSV方式では未対応
2026-05-21 09:42:49,824 [ERROR] Failed to sync contractor C0117: 楽楽販売への施工店登録はCSV方式では未対応
2026-05-21 09:42:49,824 [ERROR] Failed to sync contractor C0118: 楽楽販売への施工店登録はCSV方式では未対応
2026-05-21 09:42:49,824 [ERROR] Failed to sync contractor C0119: 楽楽販売への施工店登録はCSV方式では未対応
2026-05-21 09:42:49,824 [ERROR] Failed to sync contractor C0120: 楽楽販売への施工店登録はCSV方式では未対応
2026-05-21 09:42:49,824 [ERROR] Failed to sync contractor C0121: 楽楽販売への施工店登録はCSV方式では未対応
2026-05-21 09:42:49,824 [ERROR] Failed to sync contractor C0123: 楽楽販売への施工店登録はCSV方式では未対応
2026-05-21 09:42:49,825 [ERROR] Failed to sync contractor C0124: 楽楽販売への施工店登録はCSV方式では未対応
2026-05-21 09:42:49,825 [ERROR] Failed to sync contractor C0125: 楽楽販売への施工店登録はCSV方式では未対応
2026-05-21 09:42:49,825 [ERROR] Failed to sync contractor C0126: 楽楽販売への施工店登録はCSV方式では未対応
2026-05-21 09:42:49,825 [ERROR] Failed to sync contractor C0127: 楽楽販売への施工店登録はCSV方式では未対応
2026-05-21 09:42:49,825 [ERROR] Failed to sync contractor C0128: 楽楽販売への施工店登録はCSV方式では未対応
2026-05-21 09:42:49,825 [ERROR] Failed to sync contractor C0129: 楽楽販売への施工店登録はCSV方式では未対応
2026-05-21 09:42:49,825 [ERROR] Failed to sync contractor C0130: 楽楽販売への施工店登録はCSV方式では未対応
2026-05-21 09:42:49,826 [ERROR] Failed to sync contractor C0131: 楽楽販売への施工店登録はCSV方式では未対応
2026-05-21 09:42:49,826 [ERROR] Failed to sync contractor C0132: 楽楽販売への施工店登録はCSV方式では未対応
2026-05-21 09:42:49,826 [ERROR] Failed to sync contractor C0133: 楽楽販売への施工店登録はCSV方式では未対応
2026-05-21 09:42:49,826 [ERROR] Failed to sync contractor C0134: 楽楽販売への施工店登録はCSV方式では未対応
2026-05-21 09:42:49,826 [ERROR] Failed to sync contractor C0135: 楽楽販売への施工店登録はCSV方式では未対応
2026-05-21 09:42:49,826 [ERROR] Failed to sync contractor C0136: 楽楽販売への施工店登録はCSV方式では未対応
2026-05-21 09:42:49,826 [ERROR] Failed to sync contractor C0137: 楽楽販売への施工店登録はCSV方式では未対応
2026-05-21 09:42:49,826 [ERROR] Failed to sync contractor C0138: 楽楽販売への施工店登録はCSV方式では未対応
2026-05-21 09:42:49,827 [ERROR] Failed to sync contractor C0139: 楽楽販売への施工店登録はCSV方式では未対応
2026-05-21 09:42:49,827 [ERROR] Failed to sync contractor C0140: 楽楽販売への施工店登録はCSV方式では未対応
2026-05-21 09:42:49,827 [ERROR] Failed to sync contractor C0141: 楽楽販売への施工店登録はCSV方式では未対応
2026-05-21 09:42:49,827 [ERROR] Failed to sync contractor C0142: 楽楽販売への施工店登録はCSV方式では未対応
2026-05-21 09:42:49,827 [ERROR] Failed to sync contractor C0143: 楽楽販売への施工店登録はCSV方式では未対応
2026-05-21 09:42:49,827 [ERROR] Failed to sync contractor C0144: 楽楽販売への施工店登録はCSV方式では未対応
2026-05-21 09:42:49,827 [ERROR] Failed to sync contractor C0145: 楽楽販売への施工店登録はCSV方式では未対応
2026-05-21 09:42:49,827 [ERROR] Failed to sync contractor C0146: 楽楽販売への施工店登録はCSV方式では未対応
2026-05-21 09:42:49,827 [ERROR] Failed to sync contractor C0147: 楽楽販売への施工店登録はCSV方式では未対応
2026-05-21 09:42:49,827 [ERROR] Failed to sync contractor C0148: 楽楽販売への施工店登録はCSV方式では未対応
2026-05-21 09:42:49,827 [ERROR] Failed to sync contractor C0149: 楽楽販売への施工店登録はCSV方式では未対応
2026-05-21 09:42:49,828 [ERROR] Failed to sync contractor C0150: 楽楽販売への施工店登録はCSV方式では未対応
2026-05-21 09:42:49,828 [ERROR] Failed to sync contractor C0151: 楽楽販売への施工店登録はCSV方式では未対応
2026-05-21 09:42:49,828 [ERROR] Failed to sync contractor C0152: 楽楽販売への施工店登録はCSV方式では未対応
2026-05-21 09:42:49,828 [ERROR] Failed to sync contractor C0153: 楽楽販売への施工店登録はCSV方式では未対応
2026-05-21 09:42:49,828 [ERROR] Failed to sync contractor C0154: 楽楽販売への施工店登録はCSV方式では未対応
2026-05-21 09:42:49,828 [ERROR] Failed to sync contractor C0156: 楽楽販売への施工店登録はCSV方式では未対応
2026-05-21 09:42:49,828 [ERROR] Failed to sync contractor C0157: 楽楽販売への施工店登録はCSV方式では未対応
2026-05-21 09:42:49,828 [ERROR] Failed to sync contractor C0261: 楽楽販売への施工店登録はCSV方式では未対応
2026-05-21 09:42:49,828 [ERROR] Failed to sync contractor C0278: 楽楽販売への施工店登録はCSV方式では未対応
2026-05-21 09:42:49,828 [ERROR] Failed to sync contractor C0289: 楽楽販売への施工店登録はCSV方式では未対応
2026-05-21 09:42:49,828 [ERROR] Failed to sync contractor C0290: 楽楽販売への施工店登録はCSV方式では未対応
2026-05-21 09:42:49,828 [INFO] 楽楽販売 同期: 成功 0 件 / 失敗 137 件
2026-05-21 09:42:49,828 [INFO] === sync_contractor 完了 ===
2026-05-21 10:26:15,754 [INFO] === sync_contractor 開始 ===
2026-05-21 10:26:15,754 [ERROR] 基本情報シート取得失敗: [Errno 2] No such file or directory: 'google_secret.json'
2026-05-21 10:26:15,754 [ERROR] 口座情報シート取得失敗: [Errno 2] No such file or directory: 'google_secret.json'
2026-05-21 10:26:15,755 [INFO] 楽楽販売 同期: 成功 0 件 / 失敗 0 件
2026-05-21 10:26:15,755 [INFO] === sync_contractor 完了 ===
2026-05-21 10:26:46,371 [INFO] === sync_contractor 開始 ===
2026-05-21 10:26:46,430 [INFO] file_cache is only supported with oauth2client<4.0.0
2026-05-21 10:26:49,935 [INFO] 基本情報（インボイス含む） upsert: 137 件
2026-05-21 10:26:50,021 [INFO] file_cache is only supported with oauth2client<4.0.0
2026-05-21 10:26:51,188 [ERROR] 口座情報シート取得失敗: FOREIGN KEY constraint failed
2026-05-21 10:26:51,192 [ERROR] Failed to sync contractor C0001: 楽楽販売への施工店登録はCSV方式では未対応
2026-05-21 10:26:51,192 [ERROR] Failed to sync contractor C0002: 楽楽販売への施工店登録はCSV方式では未対応
2026-05-21 10:26:51,193 [ERROR] Failed to sync contractor C0003: 楽楽販売への施工店登録はCSV方式では未対応
2026-05-21 10:26:51,193 [ERROR] Failed to sync contractor C0004: 楽楽販売への施工店登録はCSV方式では未対応
2026-05-21 10:26:51,193 [ERROR] Failed to sync contractor C0005: 楽楽販売への施工店登録はCSV方式では未対応
2026-05-21 10:26:51,193 [ERROR] Failed to sync contractor C0006: 楽楽販売への施工店登録はCSV方式では未対応
2026-05-21 10:26:51,193 [ERROR] Failed to sync contractor C0007: 楽楽販売への施工店登録はCSV方式では未対応
2026-05-21 10:26:51,193 [ERROR] Failed to sync contractor C0008: 楽楽販売への施工店登録はCSV方式では未対応
2026-05-21 10:26:51,193 [ERROR] Failed to sync contractor C0009: 楽楽販売への施工店登録はCSV方式では未対応
2026-05-21 10:26:51,193 [ERROR] Failed to sync contractor C0010: 楽楽販売への施工店登録はCSV方式では未対応
2026-05-21 10:26:51,194 [ERROR] Failed to sync contractor C0012: 楽楽販売への施工店登録はCSV方式では未対応
2026-05-21 10:26:51,194 [ERROR] Failed to sync contractor C0013: 楽楽販売への施工店登録はCSV方式では未対応
2026-05-21 10:26:51,194 [ERROR] Failed to sync contractor C0014: 楽楽販売への施工店登録はCSV方式では未対応
2026-05-21 10:26:51,194 [ERROR] Failed to sync contractor C0015: 楽楽販売への施工店登録はCSV方式では未対応
2026-05-21 10:26:51,194 [ERROR] Failed to sync contractor C0017: 楽楽販売への施工店登録はCSV方式では未対応
2026-05-21 10:26:51,194 [ERROR] Failed to sync contractor C0018: 楽楽販売への施工店登録はCSV方式では未対応
2026-05-21 10:26:51,194 [ERROR] Failed to sync contractor C0019: 楽楽販売への施工店登録はCSV方式では未対応
2026-05-21 10:26:51,195 [ERROR] Failed to sync contractor C0020: 楽楽販売への施工店登録はCSV方式では未対応
2026-05-21 10:26:51,195 [ERROR] Failed to sync contractor C0021: 楽楽販売への施工店登録はCSV方式では未対応
2026-05-21 10:26:51,195 [ERROR] Failed to sync contractor C0022: 楽楽販売への施工店登録はCSV方式では未対応
2026-05-21 10:26:51,195 [ERROR] Failed to sync contractor C0023: 楽楽販売への施工店登録はCSV方式では未対応
2026-05-21 10:26:51,195 [ERROR] Failed to sync contractor C0026: 楽楽販売への施工店登録はCSV方式では未対応
2026-05-21 10:26:51,195 [ERROR] Failed to sync contractor C0027: 楽楽販売への施工店登録はCSV方式では未対応
2026-05-21 10:26:51,195 [ERROR] Failed to sync contractor C0028: 楽楽販売への施工店登録はCSV方式では未対応
2026-05-21 10:26:51,195 [ERROR] Failed to sync contractor C0029: 楽楽販売への施工店登録はCSV方式では未対応
2026-05-21 10:26:51,195 [ERROR] Failed to sync contractor C0030: 楽楽販売への施工店登録はCSV方式では未対応
2026-05-21 10:26:51,196 [ERROR] Failed to sync contractor C0031: 楽楽販売への施工店登録はCSV方式では未対応
2026-05-21 10:26:51,196 [ERROR] Failed to sync contractor C0034: 楽楽販売への施工店登録はCSV方式では未対応
2026-05-21 10:26:51,196 [ERROR] Failed to sync contractor C0035: 楽楽販売への施工店登録はCSV方式では未対応
2026-05-21 10:26:51,196 [ERROR] Failed to sync contractor C0037: 楽楽販売への施工店登録はCSV方式では未対応
2026-05-21 10:26:51,196 [ERROR] Failed to sync contractor C0041: 楽楽販売への施工店登録はCSV方式では未対応
2026-05-21 10:26:51,196 [ERROR] Failed to sync contractor C0042: 楽楽販売への施工店登録はCSV方式では未対応
2026-05-21 10:26:51,196 [ERROR] Failed to sync contractor C0043: 楽楽販売への施工店登録はCSV方式では未対応
2026-05-21 10:26:51,196 [ERROR] Failed to sync contractor C0044: 楽楽販売への施工店登録はCSV方式では未対応
2026-05-21 10:26:51,197 [ERROR] Failed to sync contractor C0045: 楽楽販売への施工店登録はCSV方式では未対応
2026-05-21 10:26:51,197 [ERROR] Failed to sync contractor C0047: 楽楽販売への施工店登録はCSV方式では未対応
2026-05-21 10:26:51,197 [ERROR] Failed to sync contractor C0048: 楽楽販売への施工店登録はCSV方式では未対応
2026-05-21 10:26:51,197 [ERROR] Failed to sync contractor C0049: 楽楽販売への施工店登録はCSV方式では未対応
2026-05-21 10:26:51,197 [ERROR] Failed to sync contractor C0051: 楽楽販売への施工店登録はCSV方式では未対応
2026-05-21 10:26:51,197 [ERROR] Failed to sync contractor C0053: 楽楽販売への施工店登録はCSV方式では未対応
2026-05-21 10:26:51,197 [ERROR] Failed to sync contractor C0054: 楽楽販売への施工店登録はCSV方式では未対応
2026-05-21 10:26:51,197 [ERROR] Failed to sync contractor C0055: 楽楽販売への施工店登録はCSV方式では未対応
2026-05-21 10:26:51,197 [ERROR] Failed to sync contractor C0056: 楽楽販売への施工店登録はCSV方式では未対応
2026-05-21 10:26:51,198 [ERROR] Failed to sync contractor C0057: 楽楽販売への施工店登録はCSV方式では未対応
2026-05-21 10:26:51,198 [ERROR] Failed to sync contractor C0058: 楽楽販売への施工店登録はCSV方式では未対応
2026-05-21 10:26:51,198 [ERROR] Failed to sync contractor C0060: 楽楽販売への施工店登録はCSV方式では未対応
2026-05-21 10:26:51,198 [ERROR] Failed to sync contractor C0063: 楽楽販売への施工店登録はCSV方式では未対応
2026-05-21 10:26:51,198 [ERROR] Failed to sync contractor C0064: 楽楽販売への施工店登録はCSV方式では未対応
2026-05-21 10:26:51,198 [ERROR] Failed to sync contractor C0065: 楽楽販売への施工店登録はCSV方式では未対応
2026-05-21 10:26:51,198 [ERROR] Failed to sync contractor C0066: 楽楽販売への施工店登録はCSV方式では未対応
2026-05-21 10:26:51,198 [ERROR] Failed to sync contractor C0068: 楽楽販売への施工店登録はCSV方式では未対応
2026-05-21 10:26:51,199 [ERROR] Failed to sync contractor C0069: 楽楽販売への施工店登録はCSV方式では未対応
2026-05-21 10:26:51,199 [ERROR] Failed to sync contractor C0070: 楽楽販売への施工店登録はCSV方式では未対応
2026-05-21 10:26:51,199 [ERROR] Failed to sync contractor C0071: 楽楽販売への施工店登録はCSV方式では未対応
2026-05-21 10:26:51,199 [ERROR] Failed to sync contractor C0073: 楽楽販売への施工店登録はCSV方式では未対応
2026-05-21 10:26:51,199 [ERROR] Failed to sync contractor C0074: 楽楽販売への施工店登録はCSV方式では未対応
2026-05-21 10:26:51,199 [ERROR] Failed to sync contractor C0075: 楽楽販売への施工店登録はCSV方式では未対応
2026-05-21 10:26:51,199 [ERROR] Failed to sync contractor C0076: 楽楽販売への施工店登録はCSV方式では未対応
2026-05-21 10:26:51,199 [ERROR] Failed to sync contractor C0077: 楽楽販売への施工店登録はCSV方式では未対応
2026-05-21 10:26:51,199 [ERROR] Failed to sync contractor C0078: 楽楽販売への施工店登録はCSV方式では未対応
2026-05-21 10:26:51,200 [ERROR] Failed to sync contractor C0079: 楽楽販売への施工店登録はCSV方式では未対応
2026-05-21 10:26:51,200 [ERROR] Failed to sync contractor C0080: 楽楽販売への施工店登録はCSV方式では未対応
2026-05-21 10:26:51,200 [ERROR] Failed to sync contractor C0081: 楽楽販売への施工店登録はCSV方式では未対応
2026-05-21 10:26:51,200 [ERROR] Failed to sync contractor C0082: 楽楽販売への施工店登録はCSV方式では未対応
2026-05-21 10:26:51,200 [ERROR] Failed to sync contractor C0083: 楽楽販売への施工店登録はCSV方式では未対応
2026-05-21 10:26:51,200 [ERROR] Failed to sync contractor C0084: 楽楽販売への施工店登録はCSV方式では未対応
2026-05-21 10:26:51,200 [ERROR] Failed to sync contractor C0085: 楽楽販売への施工店登録はCSV方式では未対応
2026-05-21 10:26:51,200 [ERROR] Failed to sync contractor C0086: 楽楽販売への施工店登録はCSV方式では未対応
2026-05-21 10:26:51,201 [ERROR] Failed to sync contractor C0087: 楽楽販売への施工店登録はCSV方式では未対応
2026-05-21 10:26:51,201 [ERROR] Failed to sync contractor C0089: 楽楽販売への施工店登録はCSV方式では未対応
2026-05-21 10:26:51,201 [ERROR] Failed to sync contractor C0090: 楽楽販売への施工店登録はCSV方式では未対応
2026-05-21 10:26:51,201 [ERROR] Failed to sync contractor C0091: 楽楽販売への施工店登録はCSV方式では未対応
2026-05-21 10:26:51,201 [ERROR] Failed to sync contractor C0093: 楽楽販売への施工店登録はCSV方式では未対応
2026-05-21 10:26:51,201 [ERROR] Failed to sync contractor C0094: 楽楽販売への施工店登録はCSV方式では未対応
2026-05-21 10:26:51,201 [ERROR] Failed to sync contractor C0095: 楽楽販売への施工店登録はCSV方式では未対応
2026-05-21 10:26:51,201 [ERROR] Failed to sync contractor C0096: 楽楽販売への施工店登録はCSV方式では未対応
2026-05-21 10:26:51,201 [ERROR] Failed to sync contractor C0097: 楽楽販売への施工店登録はCSV方式では未対応
2026-05-21 10:26:51,202 [ERROR] Failed to sync contractor C0099: 楽楽販売への施工店登録はCSV方式では未対応
2026-05-21 10:26:51,202 [ERROR] Failed to sync contractor C0100: 楽楽販売への施工店登録はCSV方式では未対応
2026-05-21 10:26:51,202 [ERROR] Failed to sync contractor C0101: 楽楽販売への施工店登録はCSV方式では未対応
2026-05-21 10:26:51,202 [ERROR] Failed to sync contractor C0102: 楽楽販売への施工店登録はCSV方式では未対応
2026-05-21 10:26:51,202 [ERROR] Failed to sync contractor C0103: 楽楽販売への施工店登録はCSV方式では未対応
2026-05-21 10:26:51,202 [ERROR] Failed to sync contractor C0104: 楽楽販売への施工店登録はCSV方式では未対応
2026-05-21 10:26:51,202 [ERROR] Failed to sync contractor C0105: 楽楽販売への施工店登録はCSV方式では未対応
2026-05-21 10:26:51,202 [ERROR] Failed to sync contractor C0106: 楽楽販売への施工店登録はCSV方式では未対応
2026-05-21 10:26:51,203 [ERROR] Failed to sync contractor C0107: 楽楽販売への施工店登録はCSV方式では未対応
2026-05-21 10:26:51,203 [ERROR] Failed to sync contractor C0108: 楽楽販売への施工店登録はCSV方式では未対応
2026-05-21 10:26:51,203 [ERROR] Failed to sync contractor C0110: 楽楽販売への施工店登録はCSV方式では未対応
2026-05-21 10:26:51,203 [ERROR] Failed to sync contractor C0111: 楽楽販売への施工店登録はCSV方式では未対応
2026-05-21 10:26:51,203 [ERROR] Failed to sync contractor C0112: 楽楽販売への施工店登録はCSV方式では未対応
2026-05-21 10:26:51,203 [ERROR] Failed to sync contractor C0113: 楽楽販売への施工店登録はCSV方式では未対応
2026-05-21 10:26:51,203 [ERROR] Failed to sync contractor C0114: 楽楽販売への施工店登録はCSV方式では未対応
2026-05-21 10:26:51,203 [ERROR] Failed to sync contractor C0115: 楽楽販売への施工店登録はCSV方式では未対応
2026-05-21 10:26:51,203 [ERROR] Failed to sync contractor C0116: 楽楽販売への施工店登録はCSV方式では未対応
2026-05-21 10:26:51,204 [ERROR] Failed to sync contractor C0117: 楽楽販売への施工店登録はCSV方式では未対応
2026-05-21 10:26:51,204 [ERROR] Failed to sync contractor C0118: 楽楽販売への施工店登録はCSV方式では未対応
2026-05-21 10:26:51,204 [ERROR] Failed to sync contractor C0119: 楽楽販売への施工店登録はCSV方式では未対応
2026-05-21 10:26:51,204 [ERROR] Failed to sync contractor C0120: 楽楽販売への施工店登録はCSV方式では未対応
2026-05-21 10:26:51,204 [ERROR] Failed to sync contractor C0121: 楽楽販売への施工店登録はCSV方式では未対応
2026-05-21 10:26:51,204 [ERROR] Failed to sync contractor C0123: 楽楽販売への施工店登録はCSV方式では未対応
2026-05-21 10:26:51,204 [ERROR] Failed to sync contractor C0124: 楽楽販売への施工店登録はCSV方式では未対応
2026-05-21 10:26:51,204 [ERROR] Failed to sync contractor C0125: 楽楽販売への施工店登録はCSV方式では未対応
2026-05-21 10:26:51,204 [ERROR] Failed to sync contractor C0126: 楽楽販売への施工店登録はCSV方式では未対応
2026-05-21 10:26:51,205 [ERROR] Failed to sync contractor C0127: 楽楽販売への施工店登録はCSV方式では未対応
2026-05-21 10:26:51,205 [ERROR] Failed to sync contractor C0128: 楽楽販売への施工店登録はCSV方式では未対応
2026-05-21 10:26:51,205 [ERROR] Failed to sync contractor C0129: 楽楽販売への施工店登録はCSV方式では未対応
2026-05-21 10:26:51,205 [ERROR] Failed to sync contractor C0130: 楽楽販売への施工店登録はCSV方式では未対応
2026-05-21 10:26:51,205 [ERROR] Failed to sync contractor C0131: 楽楽販売への施工店登録はCSV方式では未対応
2026-05-21 10:26:51,205 [ERROR] Failed to sync contractor C0132: 楽楽販売への施工店登録はCSV方式では未対応
2026-05-21 10:26:51,205 [ERROR] Failed to sync contractor C0133: 楽楽販売への施工店登録はCSV方式では未対応
2026-05-21 10:26:51,205 [ERROR] Failed to sync contractor C0134: 楽楽販売への施工店登録はCSV方式では未対応
2026-05-21 10:26:51,205 [ERROR] Failed to sync contractor C0135: 楽楽販売への施工店登録はCSV方式では未対応
2026-05-21 10:26:51,206 [ERROR] Failed to sync contractor C0136: 楽楽販売への施工店登録はCSV方式では未対応
2026-05-21 10:26:51,206 [ERROR] Failed to sync contractor C0137: 楽楽販売への施工店登録はCSV方式では未対応
2026-05-21 10:26:51,206 [ERROR] Failed to sync contractor C0138: 楽楽販売への施工店登録はCSV方式では未対応
2026-05-21 10:26:51,206 [ERROR] Failed to sync contractor C0139: 楽楽販売への施工店登録はCSV方式では未対応
2026-05-21 10:26:51,206 [ERROR] Failed to sync contractor C0140: 楽楽販売への施工店登録はCSV方式では未対応
2026-05-21 10:26:51,206 [ERROR] Failed to sync contractor C0141: 楽楽販売への施工店登録はCSV方式では未対応
2026-05-21 10:26:51,206 [ERROR] Failed to sync contractor C0142: 楽楽販売への施工店登録はCSV方式では未対応
2026-05-21 10:26:51,206 [ERROR] Failed to sync contractor C0143: 楽楽販売への施工店登録はCSV方式では未対応
2026-05-21 10:26:51,207 [ERROR] Failed to sync contractor C0144: 楽楽販売への施工店登録はCSV方式では未対応
2026-05-21 10:26:51,207 [ERROR] Failed to sync contractor C0145: 楽楽販売への施工店登録はCSV方式では未対応
2026-05-21 10:26:51,207 [ERROR] Failed to sync contractor C0146: 楽楽販売への施工店登録はCSV方式では未対応
2026-05-21 10:26:51,207 [ERROR] Failed to sync contractor C0147: 楽楽販売への施工店登録はCSV方式では未対応
2026-05-21 10:26:51,207 [ERROR] Failed to sync contractor C0148: 楽楽販売への施工店登録はCSV方式では未対応
2026-05-21 10:26:51,207 [ERROR] Failed to sync contractor C0149: 楽楽販売への施工店登録はCSV方式では未対応
2026-05-21 10:26:51,207 [ERROR] Failed to sync contractor C0150: 楽楽販売への施工店登録はCSV方式では未対応
2026-05-21 10:26:51,207 [ERROR] Failed to sync contractor C0151: 楽楽販売への施工店登録はCSV方式では未対応
2026-05-21 10:26:51,207 [ERROR] Failed to sync contractor C0152: 楽楽販売への施工店登録はCSV方式では未対応
2026-05-21 10:26:51,208 [ERROR] Failed to sync contractor C0153: 楽楽販売への施工店登録はCSV方式では未対応
2026-05-21 10:26:51,208 [ERROR] Failed to sync contractor C0154: 楽楽販売への施工店登録はCSV方式では未対応
2026-05-21 10:26:51,208 [ERROR] Failed to sync contractor C0156: 楽楽販売への施工店登録はCSV方式では未対応
2026-05-21 10:26:51,208 [ERROR] Failed to sync contractor C0157: 楽楽販売への施工店登録はCSV方式では未対応
2026-05-21 10:26:51,208 [ERROR] Failed to sync contractor C0261: 楽楽販売への施工店登録はCSV方式では未対応
2026-05-21 10:26:51,208 [ERROR] Failed to sync contractor C0278: 楽楽販売への施工店登録はCSV方式では未対応
2026-05-21 10:26:51,208 [ERROR] Failed to sync contractor C0289: 楽楽販売への施工店登録はCSV方式では未対応
2026-05-21 10:26:51,208 [ERROR] Failed to sync contractor C0290: 楽楽販売への施工店登録はCSV方式では未対応
2026-05-21 10:26:51,208 [INFO] 楽楽販売 同期: 成功 0 件 / 失敗 137 件
2026-05-21 10:26:51,209 [INFO] === sync_contractor 完了 ===
